<?xml version="1.0" encoding="utf-8"?>
<testsuite errors="0" failures="1" name="mypy" skips="0" tests="1" time="0.196">
  <testcase classname="mypy" file="mypy" line="1" name="mypy-py3_11-darwin" time="0.196">
    <failure message="mypy produced messages">log_extracht_top10.py:12: error: Item "None" of "Match[str] | None" has no attribute "group"  [union-attr]</failure>
  </testcase>
</testsuite>
